2025-06-29 11:44:18,798 - db_helper - INFO - fetch_expenses_for_date called with 2024-08-01
2025-06-29 11:46:12,035 - db_helper - INFO - delete_expenses_for_date called with 2024-08-28
2025-06-29 11:46:12,057 - db_helper - INFO - insert_expense called with date: 2024-08-28, amount: 1400.0, category: Shopping, notes: Got a pencil
2025-06-29 11:46:15,476 - db_helper - INFO - delete_expenses_for_date called with 2024-08-28
2025-06-29 11:46:15,520 - db_helper - INFO - insert_expense called with date: 2024-08-28, amount: 1400.0, category: Shopping, notes: Got a pencil
2025-06-29 11:47:20,989 - db_helper - INFO - fetch_expenses_for_date called with 2024-08-02
2025-06-29 12:19:06,364 - db_helper - INFO - fetch_expenses_for_date called with 2024-08-01
2025-06-29 12:19:12,661 - db_helper - INFO - fetch_expenses_for_date called with 2024-08-02
2025-06-29 12:25:14,336 - db_helper - INFO - fetch_expenses_for_date called with 2024-08-02
2025-06-29 12:26:49,630 - db_helper - INFO - fetch_expenses_for_date called with 2024-08-02
2025-06-29 12:40:17,915 - db_helper - INFO - fetch_expenses_for_date called with 2024-08-02
2025-06-29 12:42:28,627 - db_helper - INFO - fetch_expenses_for_date called with 2024-08-01
2025-06-29 12:42:32,146 - db_helper - INFO - fetch_expenses_for_date called with 2024-08-01
2025-06-29 12:43:21,384 - db_helper - INFO - fetch_expenses_for_date called with 2024-08-01
2025-06-29 12:43:33,210 - db_helper - INFO - fetch_expenses_for_date called with 2024-08-01
2025-06-29 12:43:58,223 - db_helper - INFO - fetch_expenses_for_date called with 2024-08-01
2025-06-29 12:52:49,483 - db_helper - INFO - fetch_expenses_for_date called with 2024-08-01
2025-06-29 12:52:54,053 - db_helper - INFO - fetch_expenses_for_date called with 2024-08-07
2025-06-29 12:53:44,816 - db_helper - INFO - fetch_expenses_for_date called with 2024-08-07
2025-06-29 12:53:46,927 - db_helper - INFO - delete_expenses_for_date called with 2024-08-07
2025-06-29 12:53:46,955 - db_helper - INFO - insert_expense called with date: 2024-08-07, amount: 20.0, category: Shopping, notes: bought coconut
2025-06-29 12:53:46,979 - db_helper - INFO - insert_expense called with date: 2024-08-07, amount: 10.0, category: Shopping, notes: bought hair oil
2025-06-29 12:53:47,000 - db_helper - INFO - insert_expense called with date: 2024-08-07, amount: 40.0, category: Shopping, notes: Ate Lunch
2025-06-29 13:27:48,182 - db_helper - INFO - fetch_expense_summary called with start: 2024-08-01 end: 2024-08-02
2025-06-29 13:27:51,057 - db_helper - INFO - fetch_expense_summary called with start: 2024-08-01 end: 2024-08-02
2025-06-29 13:36:58,617 - db_helper - INFO - fetch_expenses_for_date called with 2024-08-01
2025-06-29 13:40:35,325 - db_helper - INFO - fetch_expenses_for_date called with 2024-08-01
2025-06-29 13:41:22,055 - db_helper - INFO - fetch_expenses_for_date called with 2024-08-01
2025-06-29 13:44:35,426 - db_helper - INFO - fetch_expenses_for_date called with 2024-08-01
2025-06-29 13:44:39,369 - db_helper - INFO - fetch_expenses_for_date called with 2024-08-01
2025-06-29 13:44:41,463 - db_helper - INFO - fetch_expense_summary called with start: 2024-08-01 end: 2024-08-05
2025-06-29 13:49:07,248 - db_helper - INFO - fetch_expenses_for_date called with 2024-08-01
2025-06-29 13:49:10,793 - db_helper - INFO - fetch_expenses_for_date called with 2024-08-01
2025-06-29 13:49:12,901 - db_helper - INFO - fetch_expense_summary called with start: 2024-08-01 end: 2024-08-05
2025-06-29 13:51:28,402 - db_helper - INFO - fetch_expenses_for_date called with 2024-08-01
2025-06-29 13:51:31,749 - db_helper - INFO - fetch_expenses_for_date called with 2024-08-01
2025-06-29 13:51:33,871 - db_helper - INFO - fetch_expense_summary called with start: 2024-08-01 end: 2024-08-05
2025-06-29 13:54:15,576 - db_helper - INFO - fetch_expenses_for_date called with 2024-08-01
2025-06-29 13:54:19,466 - db_helper - INFO - fetch_expenses_for_date called with 2024-08-01
2025-06-29 13:54:21,601 - db_helper - INFO - fetch_expense_summary called with start: 2024-08-01 end: 2024-08-05
2025-06-29 16:08:05,972 - db_helper - INFO - fetch_monthwise_expense_summary called with for year: 2024
2025-06-29 16:21:39,753 - db_helper - INFO - fetch_monthwise_expense_summary called with for year: 2024
2025-06-29 16:21:50,763 - db_helper - INFO - fetch_expenses_for_date called with 2024-08-01
2025-06-29 16:25:33,763 - db_helper - INFO - fetch_expenses_for_date called with 2024-08-01
2025-06-29 16:25:42,147 - db_helper - INFO - fetch_expenses_for_date called with 2024-08-01
2025-06-29 16:25:42,248 - db_helper - INFO - fetch_expenses_for_date called with 2024-08-01
2025-06-29 16:26:03,283 - db_helper - INFO - fetch_expenses_for_date called with 2024-08-01
2025-06-29 16:26:03,398 - db_helper - INFO - fetch_expenses_for_date called with 2024-08-01
2025-06-29 16:26:35,424 - db_helper - INFO - fetch_expenses_for_date called with 2024-08-01
2025-06-29 16:26:44,591 - db_helper - INFO - fetch_expenses_for_date called with 2024-08-01
2025-06-29 16:26:48,406 - db_helper - INFO - fetch_expenses_for_date called with 2024-08-01
2025-06-29 16:31:32,085 - db_helper - INFO - fetch_expenses_for_date called with 2024-08-01
2025-06-29 16:31:35,528 - db_helper - INFO - fetch_expenses_for_date called with 2024-08-01
2025-06-29 16:31:37,594 - db_helper - INFO - fetch_monthwise_expense_summary called with for year: 2024
2025-06-29 16:31:47,200 - db_helper - INFO - fetch_expenses_for_date called with 2024-08-01
2025-06-29 16:31:47,301 - db_helper - INFO - fetch_expenses_for_date called with 2024-08-01
2025-06-29 16:31:49,351 - db_helper - INFO - fetch_monthwise_expense_summary called with for year: 2025
2025-06-29 16:32:06,020 - db_helper - INFO - fetch_expenses_for_date called with 2024-08-01
2025-06-29 16:32:06,105 - db_helper - INFO - fetch_expenses_for_date called with 2024-08-01
2025-06-29 16:32:08,146 - db_helper - INFO - fetch_monthwise_expense_summary called with for year: 2024
2025-06-29 16:33:14,219 - db_helper - INFO - fetch_expenses_for_date called with 2024-08-01
2025-06-29 16:33:16,280 - db_helper - INFO - fetch_monthwise_expense_summary called with for year: 2024
2025-06-29 17:57:57,111 - db_helper - INFO - fetch_expenses_for_date called with 2024-08-01
2025-06-29 17:58:19,352 - db_helper - INFO - fetch_expenses_for_date called with 2024-08-02
2025-06-29 17:58:47,848 - db_helper - INFO - fetch_expenses_for_date called with 2024-08-02
2025-06-29 17:58:49,895 - db_helper - INFO - fetch_expense_summary called with start: 2024-08-01 end: 2024-08-05
2025-06-29 17:59:14,328 - db_helper - INFO - fetch_expenses_for_date called with 2024-08-02
2025-06-29 17:59:14,440 - db_helper - INFO - fetch_expenses_for_date called with 2024-08-02
2025-06-29 17:59:16,482 - db_helper - INFO - fetch_monthwise_expense_summary called with for year: 2024
2025-06-29 17:59:39,904 - db_helper - INFO - fetch_expenses_for_date called with 2025-06-29
2025-06-29 18:00:00,018 - db_helper - INFO - fetch_expenses_for_date called with 2025-06-29
2025-06-29 18:00:02,067 - db_helper - INFO - delete_expenses_for_date called with 2025-06-29
2025-06-29 18:00:02,070 - db_helper - INFO - insert_expense called with date: 2025-06-29, amount: 100.0, category: Food, notes: DINNER
2025-06-29 18:00:08,190 - db_helper - INFO - fetch_expenses_for_date called with 2025-06-29
2025-06-29 18:00:08,272 - db_helper - INFO - fetch_expenses_for_date called with 2025-06-29
2025-06-29 18:00:10,328 - db_helper - INFO - fetch_monthwise_expense_summary called with for year: 2025
2025-06-29 18:52:04,352 - db_helper - INFO - fetch_expenses_for_date called with 2024-08-01
